Watching for file changes with StatReloader
[18/Feb/2026 13:16:46] "OPTIONS /api/v1/auth/register/ HTTP/1.1" 200 0
[18/Feb/2026 13:16:47] "POST /api/v1/auth/register/ HTTP/1.1" 201 115
[18/Feb/2026 13:16:47] "OPTIONS /api/v1/auth/login/ HTTP/1.1" 200 0
/home/jules/.pyenv/versions/3.12.12/lib/python3.12/site-packages/jwt/api_jwt.py:153: InsecureKeyLengthWarning: The HMAC key is 20 bytes long, which is below the minimum recommended length of 32 bytes for SHA256. See RFC 7518 Section 3.2.
  return self._jws.encode(
[18/Feb/2026 13:16:48] "POST /api/v1/auth/login/ HTTP/1.1" 200 489
[18/Feb/2026 13:16:48] "OPTIONS /api/v1/users/me/ HTTP/1.1" 200 0
/home/jules/.pyenv/versions/3.12.12/lib/python3.12/site-packages/jwt/api_jwt.py:371: InsecureKeyLengthWarning: The HMAC key is 20 bytes long, which is below the minimum recommended length of 32 bytes for SHA256. See RFC 7518 Section 3.2.
  decoded = self.decode_complete(
[18/Feb/2026 13:16:48] "GET /api/v1/users/me/ HTTP/1.1" 200 183
/app/questions/views.py changed, reloading.
Performing system checks...

System check identified no issues (0 silenced).
February 18, 2026 - 13:15:09
Django version 6.0.2, using settings 'learnlab_platform.settings'
Starting development server at http://0.0.0.0:8000/
Quit the server with CONTROL-C.

WARNING: This is a development server. Do not use it in a production setting. Use a production WSGI or ASGI server instead.
For more information on production servers see: https://docs.djangoproject.com/en/6.0/howto/deployment/
Watching for file changes with StatReloader
/app/questions/views.py changed, reloading.
Performing system checks...

System check identified no issues (0 silenced).
February 18, 2026 - 13:19:19
Django version 6.0.2, using settings 'learnlab_platform.settings'
Starting development server at http://0.0.0.0:8000/
Quit the server with CONTROL-C.

WARNING: This is a development server. Do not use it in a production setting. Use a production WSGI or ASGI server instead.
For more information on production servers see: https://docs.djangoproject.com/en/6.0/howto/deployment/
Watching for file changes with StatReloader
